Traceback (most recent call last):
  File "/home/codespace/.local/lib/python3.12/site-packages/jupyter_core/utils/__init__.py", line 154, in wrapped
    asyncio.get_running_loop()
RuntimeError: no running event loop

During handling of the above exception, another exception occurred:

Traceback (most recent call last):
  File "/usr/local/python/3.12.1/lib/python3.12/site-packages/jupyter_cache/executors/utils.py", line 58, in single_nb_execution
    executenb(
  File "/home/codespace/.local/lib/python3.12/site-packages/nbclient/client.py", line 1319, in execute
    return NotebookClient(nb=nb, resources=resources, km=km, **kwargs).execute()
           ^^^^^^^^^^^^^^^^^^^^^^^^^^^^^^^^^^^^^^^^^^^^^^^^^^^^^^^^^^^^^^^^^^^^^
  File "/home/codespace/.local/lib/python3.12/site-packages/jupyter_core/utils/__init__.py", line 158, in wrapped
    return loop.run_until_complete(inner)
           ^^^^^^^^^^^^^^^^^^^^^^^^^^^^^^
  File "/usr/local/python/3.12.1/lib/python3.12/asyncio/base_events.py", line 684, in run_until_complete
    return future.result()
           ^^^^^^^^^^^^^^^
  File "/home/codespace/.local/lib/python3.12/site-packages/nbclient/client.py", line 709, in async_execute
    await self.async_execute_cell(
  File "/home/codespace/.local/lib/python3.12/site-packages/nbclient/client.py", line 1062, in async_execute_cell
    await self._check_raise_for_error(cell, cell_index, exec_reply)
  File "/home/codespace/.local/lib/python3.12/site-packages/nbclient/client.py", line 918, in _check_raise_for_error
    raise CellExecutionError.from_cell_and_msg(cell, exec_reply_content)
nbclient.exceptions.CellExecutionError: An error occurred while executing the following cell:
------------------
# Ekstraksi feature dari semua file audio
print("ðŸš€ Memulai ekstraksi feature...")
print("="*70)

df = create_dataset(audio_folder, sr=22050)

# Simpan dataset
df.to_csv('audio_features.csv', index=False)
print(f"\nâœ… Dataset disimpan sebagai 'audio_features.csv'")

# Info dataset
print(f"\nðŸ“Š Ringkasan Dataset:")
print(f"   Total samples: {len(df)}")
print(f"   Total features: {len(df.columns) - 2}")
print(f"   Distribusi label: {dict(df['label'].value_counts())}")
------------------

----- stdout -----
ðŸš€ Memulai ekstraksi feature...
======================================================================
Warning: Folder audio_data/buka tidak ditemukan
Warning: Folder audio_data/tutup tidak ditemukan

Dataset berhasil dibuat!
Total samples: 0
Distribusi label:
------------------

[31m---------------------------------------------------------------------------[39m
[31mKeyError[39m                                  Traceback (most recent call last)
[36mCell[39m[36m [39m[32mIn[8][39m[32m, line 5[39m
[32m      2[39m [38;5;28mprint[39m([33m"[39m[33mðŸš€ Memulai ekstraksi feature...[39m[33m"[39m)
[32m      3[39m [38;5;28mprint[39m([33m"[39m[33m=[39m[33m"[39m*[32m70[39m)
[32m----> [39m[32m5[39m df = [43mcreate_dataset[49m[43m([49m[43maudio_folder[49m[43m,[49m[43m [49m[43msr[49m[43m=[49m[32;43m22050[39;49m[43m)[49m
[32m      7[39m [38;5;66;03m# Simpan dataset[39;00m
[32m      8[39m df.to_csv([33m'[39m[33maudio_features.csv[39m[33m'[39m, index=[38;5;28;01mFalse[39;00m)

[36mCell[39m[36m [39m[32mIn[7][39m[32m, line 74[39m, in [36mcreate_dataset[39m[34m(data_path, sr)[39m
[32m     72[39m [38;5;28mprint[39m([33mf[39m[33m"[39m[33mTotal samples: [39m[38;5;132;01m{[39;00m[38;5;28mlen[39m(df)[38;5;132;01m}[39;00m[33m"[39m)
[32m     73[39m [38;5;28mprint[39m([33mf[39m[33m"[39m[33mDistribusi label:[39m[33m"[39m)
[32m---> [39m[32m74[39m [38;5;28mprint[39m([43mdf[49m[43m[[49m[33;43m'[39;49m[33;43mlabel[39;49m[33;43m'[39;49m[43m][49m.value_counts())
[32m     76[39m [38;5;28;01mreturn[39;00m df

[36mFile [39m[32m~/.local/lib/python3.12/site-packages/pandas/core/frame.py:4113[39m, in [36mDataFrame.__getitem__[39m[34m(self, key)[39m
[32m   4111[39m [38;5;28;01mif[39;00m [38;5;28mself[39m.columns.nlevels > [32m1[39m:
[32m   4112[39m     [38;5;28;01mreturn[39;00m [38;5;28mself[39m._getitem_multilevel(key)
[32m-> [39m[32m4113[39m indexer = [38;5;28;43mself[39;49m[43m.[49m[43mcolumns[49m[43m.[49m[43mget_loc[49m[43m([49m[43mkey[49m[43m)[49m
[32m   4114[39m [38;5;28;01mif[39;00m is_integer(indexer):
[32m   4115[39m     indexer = [indexer]

[36mFile [39m[32m~/.local/lib/python3.12/site-packages/pandas/core/indexes/range.py:417[39m, in [36mRangeIndex.get_loc[39m[34m(self, key)[39m
[32m    415[39m         [38;5;28;01mraise[39;00m [38;5;167;01mKeyError[39;00m(key) [38;5;28;01mfrom[39;00m[38;5;250m [39m[34;01merr[39;00m
[32m    416[39m [38;5;28;01mif[39;00m [38;5;28misinstance[39m(key, Hashable):
[32m--> [39m[32m417[39m     [38;5;28;01mraise[39;00m [38;5;167;01mKeyError[39;00m(key)
[32m    418[39m [38;5;28mself[39m._check_indexing_error(key)
[32m    419[39m [38;5;28;01mraise[39;00m [38;5;167;01mKeyError[39;00m(key)

[31mKeyError[39m: 'label'

